#
# There is insufficient memory for the Java Runtime Environment to continue.
# Native memory allocation (mmap) failed to map 132120576 bytes for Failed to commit area from 0x0000000082a00000 to 0x000000008a800000 of length 132120576.
# Possible reasons:
#   The system is out of physical RAM or swap space
#   The process is running with CompressedOops enabled, and the Java Heap may be blocking the growth of the native heap
# Possible solutions:
#   Reduce memory load on the system
#   Increase physical memory or swap space
#   Check if swap backing store is full
#   Decrease Java heap size (-Xmx/-Xms)
#   Decrease number of Java threads
#   Decrease Java thread stack sizes (-Xss)
#   Set larger code cache with -XX:ReservedCodeCacheSize=
#   JVM is running with Unscaled Compressed Oops mode in which the Java heap is
#     placed in the first 4GB address space. The Java Heap base address is the
#     maximum limit for the native heap growth. Please use -XX:HeapBaseMinAddress
#     to set the Java Heap base and to place the Java Heap above 4GB virtual address.
# This output file may be truncated or incomplete.
#
#  Out of Memory Error (./open/src/hotspot/os/windows/os_windows.cpp:3315), pid=9804, tid=26476
#
# JRE version:  (14.0.2+12) (build )
# Java VM: Java HotSpot(TM) 64-Bit Server VM (14.0.2+12-46, mixed mode, sharing, tiered, compressed oops, g1 gc, windows-amd64)
# No core dump will be written. Minidumps are not enabled by default on client versions of Windows
#

---------------  S U M M A R Y ------------

Command Line: -Dfile.encoding=Cp1258 -XX:+ShowCodeDetailsInExceptionMessages Views.fHoaDonNhap

Host: Intel(R) Core(TM) i5-10300H CPU @ 2.50GHz, 8 cores, 7G,  Windows 10 , 64 bit Build 22616 (10.0.22616.1)
Time: Wed May 18 21:04:08 2022 SE Asia Standard Time elapsed time: 0 seconds (0d 0h 0m 0s)

---------------  T H R E A D  ---------------

Current thread (0x000002473081e000):  JavaThread "Unknown thread" [_thread_in_vm, id=26476, stack(0x000000f385d00000,0x000000f385e00000)]

Stack: [0x000000f385d00000,0x000000f385e00000]
Native frames: (J=compiled Java code, j=interpreted, Vv=VM code, C=native code)
V  [jvm.dll+0x5f8a9a]
V  [jvm.dll+0x74247a]
V  [jvm.dll+0x743c2f]
V  [jvm.dll+0x744273]
V  [jvm.dll+0x20d288]
V  [jvm.dll+0x5f5dea]
V  [jvm.dll+0x5eac45]
V  [jvm.dll+0x2c7e9c]
V  [jvm.dll+0x2c7cd2]
V  [jvm.dll+0x2cdbbc]
V  [jvm.dll+0x313fe8]
V  [jvm.dll+0x313710]
V  [jvm.dll+0x2a092a]
V  [jvm.dll+0x2a1a79]
V  [jvm.dll+0x71fd48]
V  [jvm.dll+0x321c14]
V  [jvm.dll+0x70112c]
V  [jvm.dll+0x392def]
V  [jvm.dll+0x394e61]
C  [jli.dll+0x524b]
C  [ucrtbase.dll+0x29363]
C  [KERNEL32.DLL+0x1244d]
C  [ntdll.dll+0x5df88]


---------------  P R O C E S S  ---------------

Threads class SMR info:
_java_thread_list=0x00007ffba1803038, length=0, elements={
}

Java Threads: ( => current thread )

Other Threads:
  0x000002473085d800 GCTaskThread "GC Thread#0" [stack: 0x000000f385e00000,0x000000f385f00000] [id=23204]
  0x000002473086f000 ConcurrentGCThread "G1 Main Marker" [stack: 0x000000f385f00000,0x000000f386000000] [id=9732]
  0x0000024730870800 ConcurrentGCThread "G1 Conc#0" [stack: 0x000000f386000000,0x000000f386100000] [id=8608]

[error occurred during error reporting (printing all threads), id 0xc0000005, EXCEPTION_ACCESS_VIOLATION (0xc0000005) at pc=0x00007ffba1031257]

VM state:not at safepoint (not fully initialized)

VM Mutex/Monitor currently owned by a thread:  ([mutex/lock_event])
[0x000002473081a400] Heap_lock - owner thread: 0x000002473081e000

Heap address: 0x0000000082a00000, size: 2006 MB, Compressed Oops mode: 32-bit
Narrow klass base: 0x0000000000000000, Narrow klass shift: 0

GC Heap History (0 events):
No events

Deoptimization events (0 events):
No events

Classes unloaded (0 events):
No events

Classes redefined (0 events):
No events

Internal exceptions (0 events):
No events

Events (2 events):
Event: 0.008 Loaded shared library C:\Program Files\Java\jdk-14.0.2\bin\java.dll
Event: 0.009 Loaded shared library C:\Program Files\Java\jdk-14.0.2\bin\zip.dll


Dynamic libraries:
0x00007ff60c4c0000 - 0x00007ff60c4cf000 	C:\Program Files\Java\jdk-14.0.2\bin\javaw.exe
0x00007ffc11730000 - 0x00007ffc11944000 	C:\WINDOWS\SYSTEM32\ntdll.dll
0x00007ffc10a20000 - 0x00007ffc10ae2000 	C:\WINDOWS\System32\KERNEL32.DLL
0x00007ffc0ed90000 - 0x00007ffc0f12c000 	C:\WINDOWS\System32\KERNELBASE.dll
0x00007ffc0eb80000 - 0x00007ffc0ec91000 	C:\WINDOWS\System32\ucrtbase.dll
0x00007ffc02430000 - 0x00007ffc02445000 	C:\Program Files\Java\jdk-14.0.2\bin\VCRUNTIME140.dll
0x00007ffc02410000 - 0x00007ffc02428000 	C:\Program Files\Java\jdk-14.0.2\bin\jli.dll
0x00007ffc10250000 - 0x00007ffc102fe000 	C:\WINDOWS\System32\ADVAPI32.dll
0x00007ffc113e0000 - 0x00007ffc11487000 	C:\WINDOWS\System32\msvcrt.dll
0x00007ffc11610000 - 0x00007ffc116b4000 	C:\WINDOWS\System32\sechost.dll
0x00007ffc10880000 - 0x00007ffc10995000 	C:\WINDOWS\System32\RPCRT4.dll
0x00007ffc0fef0000 - 0x00007ffc1009b000 	C:\WINDOWS\System32\USER32.dll
0x00007ffbe7f30000 - 0x00007ffbe81be000 	C:\WINDOWS\WinSxS\amd64_microsoft.windows.common-controls_6595b64144ccf1df_6.0.22616.1_none_60ea04539af13d52\COMCTL32.dll
0x00007ffc0f310000 - 0x00007ffc0f336000 	C:\WINDOWS\System32\win32u.dll
0x00007ffc116c0000 - 0x00007ffc116e9000 	C:\WINDOWS\System32\GDI32.dll
0x00007ffc0f130000 - 0x00007ffc0f242000 	C:\WINDOWS\System32\gdi32full.dll
0x00007ffc01970000 - 0x00007ffc0197a000 	C:\WINDOWS\SYSTEM32\VERSION.dll
0x00007ffc0f4b0000 - 0x00007ffc0f54a000 	C:\WINDOWS\System32\msvcp_win.dll
0x00007ffc0f650000 - 0x00007ffc0f681000 	C:\WINDOWS\System32\IMM32.DLL
0x00007ffbdbd50000 - 0x00007ffbdbdeb000 	C:\Program Files\Java\jdk-14.0.2\bin\msvcp140.dll
0x00007ffba0d80000 - 0x00007ffba189e000 	C:\Program Files\Java\jdk-14.0.2\bin\server\jvm.dll
0x00007ffc0f550000 - 0x00007ffc0f558000 	C:\WINDOWS\System32\PSAPI.DLL
0x00007ffbed7d0000 - 0x00007ffbed7d9000 	C:\WINDOWS\SYSTEM32\WSOCK32.dll
0x00007ffc006d0000 - 0x00007ffc00704000 	C:\WINDOWS\SYSTEM32\WINMM.dll
0x00007ffc109a0000 - 0x00007ffc10a11000 	C:\WINDOWS\System32\WS2_32.dll
0x00007ffc0dca0000 - 0x00007ffc0dcb8000 	C:\WINDOWS\SYSTEM32\kernel.appcore.dll
0x00007ffc0c830000 - 0x00007ffc0c83a000 	C:\Program Files\Java\jdk-14.0.2\bin\jimage.dll
0x00007ffc0c480000 - 0x00007ffc0c6ae000 	C:\WINDOWS\SYSTEM32\DBGHELP.DLL
0x00007ffc10b10000 - 0x00007ffc10e99000 	C:\WINDOWS\System32\combase.dll
0x00007ffc11500000 - 0x00007ffc115d7000 	C:\WINDOWS\System32\OLEAUT32.dll
0x00007ffc024a0000 - 0x00007ffc024d2000 	C:\WINDOWS\SYSTEM32\dbgcore.DLL
0x00007ffc0eca0000 - 0x00007ffc0ed1b000 	C:\WINDOWS\System32\bcryptPrimitives.dll
0x00007ffbe0b40000 - 0x00007ffbe0b65000 	C:\Program Files\Java\jdk-14.0.2\bin\java.dll
0x00007ffbf2430000 - 0x00007ffbf2446000 	C:\Program Files\Java\jdk-14.0.2\bin\zip.dll

dbghelp: loaded successfully - version: 4.0.5 - missing functions: none
symbol engine: initialized successfully - sym options: 0x614 - pdb path: .;C:\Program Files\Java\jdk-14.0.2\bin;C:\WINDOWS\SYSTEM32;C:\WINDOWS\WinSxS\amd64_microsoft.windows.common-controls_6595b64144ccf1df_6.0.22616.1_none_60ea04539af13d52;C:\Program Files\Java\jdk-14.0.2\bin\server

VM Arguments:
jvm_args: -Dfile.encoding=Cp1258 -XX:+ShowCodeDetailsInExceptionMessages 
java_command: Views.fHoaDonNhap
java_class_path (initial): D:\Java3\LinhKienMayTinh\bin;D:\Java3\LinhKienMayTinh\Library\sqljdbc42.jar;D:\Java3\LinhKienMayTinh\Library\jaxb-api-2.3.1.jar;D:\Java3\LinhKienMayTinh\Library\jgoodies-common-1.8.0.jar;D:\Java3\LinhKienMayTinh\Library\jgoodies-forms-1.8.0.jar;D:\Java3\LinhKienMayTinh\Library\jcalendar-1.4.jar;D:\Java3\LinhKienMayTinh\Library\swingx-all-1.6.4.jar;D:\Java3\LinhKienMayTinh\Library\rs2xml.jar
Launcher Type: SUN_STANDARD

[Global flags]
     intx CICompilerCount                          = 4                                         {product} {ergonomic}
     uint ConcGCThreads                            = 2                                         {product} {ergonomic}
     uint G1ConcRefinementThreads                  = 8                                         {product} {ergonomic}
   size_t G1HeapRegionSize                         = 1048576                                   {product} {ergonomic}
    uintx GCDrainStackTargetSize                   = 64                                        {product} {ergonomic}
   size_t InitialHeapSize                          = 132120576                                 {product} {ergonomic}
   size_t MarkStackSize                            = 4194304                                   {product} {ergonomic}
   size_t MaxHeapSize                              = 2103443456                                {product} {ergonomic}
   size_t MinHeapDeltaBytes                        = 1048576                                   {product} {ergonomic}
   size_t MinHeapSize                              = 8388608                                   {product} {ergonomic}
    uintx NonNMethodCodeHeapSize                   = 5839372                                {pd product} {ergonomic}
    uintx NonProfiledCodeHeapSize                  = 122909434                              {pd product} {ergonomic}
    uintx ProfiledCodeHeapSize                     = 122909434                              {pd product} {ergonomic}
    uintx ReservedCodeCacheSize                    = 251658240                              {pd product} {ergonomic}
     bool SegmentedCodeCache                       = true                                      {product} {ergonomic}
     bool ShowCodeDetailsInExceptionMessages       = true                                   {manageable} {command line}
   size_t SoftMaxHeapSize                          = 2103443456                             {manageable} {ergonomic}
     bool UseCompressedClassPointers               = true                                 {lp64_product} {ergonomic}
     bool UseCompressedOops                        = true                                 {lp64_product} {ergonomic}
     bool UseG1GC                                  = true                                      {product} {ergonomic}
     bool UseLargePagesIndividualAllocation        = false                                  {pd product} {ergonomic}

Logging:
Log output configuration:
 #0: stdout all=warning uptime,level,tags
 #1: stderr all=off uptime,level,tags

Environment Variables:
PATH=C:/Program Files/Java/jdk-14.0.2/bin/server;C:/Program Files/Java/jdk-14.0.2/bin;C:\Program Files (x86)\VMware\VMware Workstation\bin\;C:\Program Files (x86)\Common Files\Oracle\Java\javapath;C:\Program Files (x86)\Common Files\Intel\Shared Libraries\redist\intel64\compiler;C:\Windows\system32;C:\Windows;C:\Windows\System32\Wbem;C:\Windows\System32\WindowsPowerShell\v1.0\;C:\Windows\System32\OpenSSH\;C:\Program Files (x86)\NVIDIA Corporation\PhysX\Common;C:\WINDOWS\system32;C:\WINDOWS;C:\WINDOWS\System32\Wbem;C:\WINDOWS\System32\WindowsPowerShell\v1.0\;C:\WINDOWS\System32\OpenSSH\;E:\Nodejs\;C:\Program Files\Microsoft SQL Server\Client SDK\ODBC\110\Tools\Binn\;C:\Program Files\Microsoft SQL Server\130\Tools\Binn\;C:\Program Files\Microsoft SQL Server\Client SDK\ODBC\170\Tools\Binn\;C:\Program Files (x86)\Microsoft SQL Server\150\Tools\Binn\;C:\Program Files\Microsoft SQL Server\150\Tools\Binn\;C:\Program Files\Microsoft SQL Server\150\DTS\Binn\;C:\Program Files (x86)\Microsoft SQL Server\150\DTS\Binn\;C:\Program Files\Azure Data Studio\bin;C:\Program Files\dotnet\;C:\xampp\php;C:\composer;C:\Program Files\Git\cmd;C:\Users\ACER\AppData\Local\Microsoft\WindowsApps;;D:\Java\Microsoft VS Code\bin;C:\Users\ACER\AppData\Roaming\npm;C:\Program Files\Azure Data Studio\bin;C:\Users\ACER\.dotnet\tools;C:\Users\ACER\AppData\Roaming\Composer\vendor\bin;C:\WINDOWS\system32;
USERNAME=ACER
OS=Windows_NT
PROCESSOR_IDENTIFIER=Intel64 Family 6 Model 165 Stepping 2, GenuineIntel



---------------  S Y S T E M  ---------------

OS: Windows 10 , 64 bit Build 22616 (10.0.22616.1)
OS uptime: 1 days 22:25 hours
HyperV virtualization detected

CPU:total 8 (initial active 8) (4 cores per cpu, 2 threads per core) family 6 model 165 stepping 2, cmov, cx8, fxsr, mmx, sse, sse2, sse3, ssse3, sse4.1, sse4.2, popcnt, avx, avx2, aes, clmul, erms, 3dnowpref, lzcnt, ht, tsc, tscinvbit, bmi1, bmi2, adx, fma

Memory: 4k page, system-wide physical 8023M (949M free)
TotalPageFile size 30527M (AvailPageFile size 111M)
current process WorkingSet (physical memory assigned to process): 11M, peak: 11M
current process commit charge ("private bytes"): 60M, peak: 186M

vm_info: Java HotSpot(TM) 64-Bit Server VM (14.0.2+12-46) for windows-amd64 JRE (14.0.2+12-46), built on Jul  9 2020 00:35:52 by "mach5one" with MS VC++ 15.9 (VS2017)

END.
